C:\USERS\FORTU\DOCUMENTS\GITHUB\ADCDRIVER\ADCDRIVER\DEBUG\ADCDRIVER.EXE.INTERMEDIATE.MANIFEST
C:\USERS\FORTU\DOCUMENTS\GITHUB\ADCDRIVER\ADCDRIVER\DEBUG\ADCDRIVER.OBJ
C:\Users\fortu\Documents\GitHub\ADCDriver\ADCDriver\Debug\ADCDriver.vcxprojResolveAssemblyReference.cache
C:\Users\fortu\Documents\GitHub\ADCDriver\ADCDriver\Debug\ADCDriver.write.1.tlog
C:\Users\fortu\Documents\GitHub\ADCDriver\ADCDriver\Debug\cl.command.1.tlog
C:\Users\fortu\Documents\GitHub\ADCDriver\ADCDriver\Debug\CL.read.1.tlog
C:\Users\fortu\Documents\GitHub\ADCDriver\ADCDriver\Debug\CL.write.1.tlog
C:\Users\fortu\Documents\GitHub\ADCDriver\ADCDriver\Debug\link.command.1.tlog
C:\Users\fortu\Documents\GitHub\ADCDriver\ADCDriver\Debug\link.read.1.tlog
C:\Users\fortu\Documents\GitHub\ADCDriver\ADCDriver\Debug\link.write.1.tlog
C:\USERS\FORTU\DOCUMENTS\GITHUB\ADCDRIVER\ADCDRIVER\DEBUG\MAIN.OBJ
C:\Users\fortu\Documents\GitHub\ADCDriver\ADCDriver\Debug\mt.command.1.tlog
C:\Users\fortu\Documents\GitHub\ADCDriver\ADCDriver\Debug\mt.read.1.tlog
C:\Users\fortu\Documents\GitHub\ADCDriver\ADCDriver\Debug\mt.write.1.tlog
C:\Users\fortu\Documents\GitHub\ADCDriver\ADCDriver\Debug\vc100.idb
C:\USERS\FORTU\DOCUMENTS\GITHUB\ADCDRIVER\ADCDRIVER\DEBUG\VC100.PDB
C:\USERS\FORTU\DOCUMENTS\GITHUB\ADCDRIVER\DEBUG\ADCDRIVER.EXE
C:\Users\fortu\Documents\GitHub\ADCDriver\Debug\ADCDriver.exp
C:\USERS\FORTU\DOCUMENTS\GITHUB\ADCDRIVER\DEBUG\ADCDRIVER.ILK
C:\Users\fortu\Documents\GitHub\ADCDriver\Debug\ADCDriver.lib
C:\USERS\FORTU\DOCUMENTS\GITHUB\ADCDRIVER\DEBUG\ADCDRIVER.PDB
