生成启动时间为 2017/7/4 14:38:20。
     1>项目“C:\Users\fortu\Documents\GitHub\ADCDriver\ADCDriver\ADCDriver.vcxproj”在节点 2 上(rebuild 个目标)。
     1>_PrepareForClean:
         正在删除文件“Debug\ADCDriver.lastbuildstate”。
       InitializeBuildStatus:
         正在创建“Debug\ADCDriver.unsuccessfulbuild”，因为已指定“AlwaysCreate”。
       ClCompile:
         C:\Program Files (x86)\Microsoft Visual Studio 10.0\VC\bin\CL.exe /c /ZI /nologo /W3 /WX- /Od /Oy- /D _MBCS /Gm /EHsc /RTC1 /MDd /GS /fp:precise /Zc:wchar_t /Zc:forScope /Fo"Debug\\" /Fd"Debug\vc100.pdb" /Gd /TC /analyze- /errorReport:prompt ADCDriver.c main.c
         main.c
         ADCDriver.c
     1>c:\users\fortu\documents\github\adcdriver\adcdriver\adcdriver.c(120): warning C4018: “<”: 有符号/无符号不匹配
     1>c:\users\fortu\documents\github\adcdriver\adcdriver\adcdriver.c(136): warning C4018: “<”: 有符号/无符号不匹配
         正在生成代码...
       Link:
         C:\Program Files (x86)\Microsoft Visual Studio 10.0\VC\bin\link.exe /ERRORREPORT:PROMPT /OUT:"C:\Users\fortu\Documents\GitHub\ADCDriver\Debug\ADCDriver.exe" /NOLOGO wpcap.lib kernel32.lib user32.lib gdi32.lib winspool.lib comdlg32.lib advapi32.lib shell32.lib ole32.lib oleaut32.lib uuid.lib odbc32.lib odbccp32.lib /MANIFEST /ManifestFile:"Debug\ADCDriver.exe.intermediate.manifest" /MANIFESTUAC:"level='asInvoker' uiAccess='false'" /DEBUG /PDB:"C:\Users\fortu\Documents\GitHub\ADCDriver\Debug\ADCDriver.pdb" /TLBID:1 /DYNAMICBASE /NXCOMPAT /IMPLIB:"C:\Users\fortu\Documents\GitHub\ADCDriver\Debug\ADCDriver.lib" /MACHINE:X86 Debug\ADCDriver.obj
         Debug\main.obj
            正在创建库 C:\Users\fortu\Documents\GitHub\ADCDriver\Debug\ADCDriver.lib 和对象 C:\Users\fortu\Documents\GitHub\ADCDriver\Debug\ADCDriver.exp
     1>LINK : fatal error LNK1561: 必须定义入口点
     1>已完成生成项目“C:\Users\fortu\Documents\GitHub\ADCDriver\ADCDriver\ADCDriver.vcxproj”(rebuild 个目标)的操作 - 失败。

生成失败。

已用时间 00:00:00.45
